Command
# TR1 photocam-imu

build/bin/dmvio_dataset \
files=$tumvi/dataset-room1_512_16/dso/cam0/images \
vignette=$tumvi/dataset-room1_512_16/dso/cam0/vignette.png \
imuFile=$tumvi/dataset-room1_512_16/dso/imu.txt \
gtFile=$tumvi/dataset-room1_512_16/dso/gt_imu.csv \
calib=./configs/tumvi_calib/camera02.txt \
gamma=./configs/tumvi_calib/pcalib.txt \
imuCalib=./configs/tumvi_calib/camchain.yaml \
mode=0 \
use16Bit=1 \
preset=0 \
nogui=0 \
resultsPrefix=results/TR1/ \
settingsFile=./configs/tumvi.yaml \
start=2

# TR1 cam-imu working

build/bin/dmvio_dataset \
files=$tumvi/dataset-room1_512_16/dso/cam0/images \
imuFile=$tumvi/dataset-room1_512_16/dso/imu.txt \
gtFile=$tumvi/dataset-room1_512_16/dso/gt_imu.csv \
calib=./configs/tumvi_calib/camera02.txt \
imuCalib=./configs/tumvi_calib/camchain.yaml \
mode=1 \
use16Bit=1 \
preset=0 \
nogui=0 \
resultsPrefix=results/TR1.nonphotometric/ \
settingsFile=./configs/tumvi.yaml \
start=2

# EV101 cam-only working

#build/bin/dmvio_dataset \
useimu=0 \
files=$euroc/V1_01_easy/mav0/cam0/data \
gtFile=$euroc/V1_01_easy/mav0/state_groundtruth_estimate0/data.csv \
tsFile=configs/euroc_calib/EV101_times.txt \
calib=configs/euroc_calib/cam0.txt \
mode=1 \
use16Bit=0 \
preset=0 \
nogui=0 \
resultsPrefix=results/EV101.camonly/ \
settingsFile=configs/euroc.yaml \
start=2

# EV101 cam-imu working

build/bin/dmvio_dataset \
useimu=1 \
files=$euroc/V1_01_easy/mav0/cam0/data \
imuFile=configs/euroc_calib/EV101_imu.txt \
gtFile=$euroc/V1_01_easy/mav0/state_groundtruth_estimate0/data.csv \
tsFile=configs/euroc_calib/EV101_times.txt \
calib=configs/euroc_calib/cam0.txt \
imuCalib=configs/euroc_calib/imuCalib.yaml \
mode=1 \
use16Bit=0 \
preset=0 \
nogui=0 \
resultsPrefix=results/EV101/ \
settingsFile=./configs/euroc.yaml \
start=2

# Why start=2?
export ds_code=EV101
export ds_path=$euroc/V1_01_easy
export ds_calib=euroc_calib
export ds_gt=state_groundtruth_estimate0
mkdir -p results/$ds_code; rm -rf results/$ds_code/*;
build/bin/dmvio_dataset useimu=1 mode=1 use16Bit=0 preset=0 nogui=0 start=2 \
  files=$ds_path/mav0/cam0/data \
  imuFile=configs/$ds_calib/$ds_code/imu.txt \
  gtFile=$ds_path/mav0/$ds_gt/data.csv \
  tsFile=configs/$ds_calib/$ds_code/times.txt \
  calib=configs/$ds_calib/cam0.txt \
  imuCalib=configs/$ds_calib/imuCalib.yaml \
  settingsFile=./configs/euroc.yaml \
  resultsPrefix=results/$ds_code/

# MOO05 cam-imu working

build/bin/dmvio_dataset \
useimu=1 \
files=$msdmo/MOO_others/MOO05_inspect_easy/mav0/cam0/data \
imuFile=configs/msdmo_calib/MOO05_interpolated_imu.txt \
gtFile=$msdmo/MOO_others/MOO05_inspect_easy/mav0/gt/data.csv \
tsFile=configs/msdmo_calib/MOO05_times.txt \
calib=configs/msdmo_calib/cam0.txt \
imuCalib=configs/msdmo_calib/imuCalib.yaml \
mode=1 \
use16Bit=0 \
preset=0 \
nogui=0 \
resultsPrefix=results/MOO05/ \
settingsFile=./configs/tumvi.yaml \
start=2




# -----------------

export ds_code=TR2
export ds_path=$tumvi/dataset-room2_512_16
export ds_calib=tumvi_calib
mkdir -p results/$ds_code; rm -rf results/$ds_code/*;
build/bin/dmvio_dataset \
files=$ds_path/dso/cam0/images \
vignette=$ds_path/dso/cam0/vignette.png \
imuFile=$ds_path/dso/imu.txt \
gtFile=$ds_path/dso/gt_imu.csv \
calib=./configs/$ds_calib/camera02.txt \
gamma=./configs/$ds_calib/pcalib.txt \
imuCalib=./configs/$ds_calib/camchain.yaml \
mode=0 \
use16Bit=1 \
preset=0 \
nogui=0 \
resultsPrefix=results/$ds_code/ \
settingsFile=./configs/tumvi.yaml \
start=2


# -----------------

# EV101 V1_01_easy
# Why start=2?
export ds_code=EV101
export ds_path=$euroc/V1_01_easy
export ds_calib=euroc_calib
export ds_gt=state_groundtruth_estimate0
mkdir -p results/$ds_code; rm -rf results/$ds_code/*;
build/bin/dmvio_dataset useimu=1 mode=1 use16Bit=0 preset=0 nogui=0 start=2 \
  files=$ds_path/mav0/cam0/data \
  imuFile=configs/$ds_calib/$ds_code/imu.txt \
  gtFile=$ds_path/mav0/$ds_gt/data.csv \
  tsFile=configs/$ds_calib/$ds_code/times.txt \
  calib=configs/$ds_calib/cam0.txt \
  imuCalib=configs/$ds_calib/imuCalib.yaml \
  settingsFile=./configs/euroc.yaml \
  resultsPrefix=results/$ds_code/



# EMH01 MH_01_easy
# Why start=2?
export ds_code=EMH01
export ds_path=$euroc/MH_01_easy
export ds_calib=euroc_calib
export ds_gt=state_groundtruth_estimate0
mkdir -p results/$ds_code; rm -rf results/$ds_code/*;
build/bin/dmvio_dataset useimu=1 mode=1 use16Bit=0 preset=0 nogui=0 start=2 \
  files=$ds_path/mav0/cam0/data \
  imuFile=configs/$ds_calib/$ds_code/imu.txt \
  gtFile=$ds_path/mav0/$ds_gt/data.csv \
  tsFile=configs/$ds_calib/$ds_code/times.txt \
  calib=configs/$ds_calib/cam0.txt \
  imuCalib=configs/$ds_calib/imuCalib.yaml \
  settingsFile=./configs/euroc.yaml \
  resultsPrefix=results/$ds_code/



# EV102 V1_02_medium
# Why start=2?
export ds_code=EV102
export ds_path=$euroc/V1_02_medium
export ds_calib=euroc_calib
export ds_gt=state_groundtruth_estimate0
mkdir -p results/$ds_code; rm -rf results/$ds_code/*;
build/bin/dmvio_dataset useimu=1 mode=1 use16Bit=0 preset=0 nogui=0 start=2 \
  files=$ds_path/mav0/cam0/data \
  imuFile=configs/$ds_calib/$ds_code/imu.txt \
  gtFile=$ds_path/mav0/$ds_gt/data.csv \
  tsFile=configs/$ds_calib/$ds_code/times.txt \
  calib=configs/$ds_calib/cam0.txt \
  imuCalib=configs/$ds_calib/imuCalib.yaml \
  settingsFile=./configs/euroc.yaml \
  resultsPrefix=results/$ds_code/








# ------------------


# MOO01 $msdmo/MOO_others/MOO01_hand_puncher_1
export ds_code=MOO01
export ds_path=$msdmo/MOO_others/MOO01_hand_puncher_1
export ds_calib=msdmo_calib
export ds_gt=gt
mkdir -p results/$ds_code; rm -rf results/$ds_code/*;
build/bin/dmvio_dataset useimu=1 mode=1 use16Bit=0 preset=0 nogui=0 start=2 \
  files=$ds_path/mav0/cam0/data \
  imuFile=configs/$ds_calib/$ds_code/imu.txt \
  gtFile=$ds_path/mav0/$ds_gt/data.csv \
  tsFile=configs/$ds_calib/$ds_code/times.txt \
  calib=configs/$ds_calib/cam0.txt \
  imuCalib=configs/$ds_calib/imuCalib.yaml \
  settingsFile=./configs/euroc.yaml \
  resultsPrefix=results/$ds_code/


# MOO05 $msdmo/MOO_others/MOO05_inspect_easy
export ds_code=MOO05
export ds_path=$msdmo/MOO_others/MOO05_inspect_easy
export ds_calib=msdmo_calib
export ds_gt=gt
mkdir -p results/$ds_code; rm -rf results/$ds_code/*;
build/bin/dmvio_dataset useimu=1 mode=1 use16Bit=0 preset=0 nogui=0 start=2 \
  files=$ds_path/mav0/cam0/data \
  imuFile=configs/$ds_calib/$ds_code/imu.txt \
  gtFile=$ds_path/mav0/$ds_gt/data.csv \
  tsFile=configs/$ds_calib/$ds_code/times.txt \
  calib=configs/$ds_calib/cam0.txt \
  imuCalib=configs/$ds_calib/imuCalib.yaml \
  settingsFile=./configs/euroc.yaml \
  resultsPrefix=results/$ds_code/


# MOO06 $msdmo/MOO_others/MOO06_inspect_hard
export ds_code=MOO06
export ds_path=$msdmo/MOO_others/MOO06_inspect_hard
export ds_calib=msdmo_calib
export ds_gt=gt
mkdir -p results/$ds_code; rm -rf results/$ds_code/*;
build/bin/dmvio_dataset useimu=1 mode=1 use16Bit=0 preset=0 nogui=0 start=2 \
  files=$ds_path/mav0/cam0/data \
  imuFile=configs/$ds_calib/$ds_code/imu.txt \
  gtFile=$ds_path/mav0/$ds_gt/data.csv \
  tsFile=configs/$ds_calib/$ds_code/times.txt \
  calib=configs/$ds_calib/cam0.txt \
  imuCalib=configs/$ds_calib/imuCalib.yaml \
  settingsFile=./configs/euroc.yaml \
  resultsPrefix=results/$ds_code/


# MOO08 $msdmo/MOO_others/MOO08_mapping_hard
export ds_code=MOO08
export ds_path=$msdmo/MOO_others/MOO08_mapping_hard
export ds_calib=msdmo_calib
export ds_gt=gt
mkdir -p results/$ds_code; rm -rf results/$ds_code/*;
build/bin/dmvio_dataset useimu=1 mode=1 use16Bit=0 preset=0 nogui=0 start=2 \
  files=$ds_path/mav0/cam0/data \
  imuFile=configs/$ds_calib/$ds_code/imu.txt \
  gtFile=$ds_path/mav0/$ds_gt/data.csv \
  tsFile=configs/$ds_calib/$ds_code/times.txt \
  calib=configs/$ds_calib/cam0.txt \
  imuCalib=configs/$ds_calib/imuCalib.yaml \
  settingsFile=./configs/euroc.yaml \
  resultsPrefix=results/$ds_code/


# MOO11 $msdmo/MOO_others/MOO11_short_3_backandforth
export ds_code=MOO11
export ds_path=$msdmo/MOO_others/MOO11_short_3_backandforth
export ds_calib=msdmo_calib
export ds_gt=gt
mkdir -p results/$ds_code; rm -rf results/$ds_code/*;
build/bin/dmvio_dataset useimu=1 mode=1 use16Bit=0 preset=0 nogui=0 start=2 \
  files=$ds_path/mav0/cam0/data \
  imuFile=configs/$ds_calib/$ds_code/imu.txt \
  gtFile=$ds_path/mav0/$ds_gt/data.csv \
  tsFile=configs/$ds_calib/$ds_code/times.txt \
  calib=configs/$ds_calib/cam0.txt \
  imuCalib=configs/$ds_calib/imuCalib.yaml \
  settingsFile=./configs/euroc.yaml \
  resultsPrefix=results/$ds_code/



# -------------------------
